<?xml version="1.0" encoding="UTF-8"?>
<!-- Generated by org.testng.reporters.JUnitReportReporter -->
<testsuite hostname="DESKTOP-FDJKT0L" failures="0" tests="1" name="com.crm.qa.pages.HomePage" time="0.013" errors="0" timestamp="2023-09-26T20:19:13 IST" skipped="0">
  <testcase classname="com.crm.qa.pages.HomePage" name="testmethod" time="0.013"/>
</testsuite> <!-- com.crm.qa.pages.HomePage -->
