<?xml version="1.0" encoding="UTF-8"?>
<!-- Generated by org.testng.reporters.JUnitReportReporter -->
<testsuite hostname="DESKTOP-FDJKT0L" failures="0" tests="1" name="com.crm.qa.testcases.LoginPageTest" time="3.301" errors="0" timestamp="2023-09-28T21:01:09 IST" skipped="0">
  <testcase classname="com.crm.qa.testcases.LoginPageTest" name="loginPageTitleTest" time="3.301"/>
</testsuite> <!-- com.crm.qa.testcases.LoginPageTest -->
