<?xml version="1.0" encoding="UTF-8"?>
<!-- Generated by org.testng.reporters.JUnitReportReporter -->
<testsuite hostname="DESKTOP-FDJKT0L" failures="0" tests="3" name="com.crm.qa.testcases.LoginPageTest" time="11.489" errors="0" timestamp="2023-09-27T18:19:57 IST" skipped="0">
  <testcase classname="com.crm.qa.testcases.LoginPageTest" name="loginPageTitleTest" time="5.081"/>
  <testcase classname="com.crm.qa.testcases.LoginPageTest" name="fbLogoImageTest" time="3.014"/>
  <testcase classname="com.crm.qa.testcases.LoginPageTest" name="loginTest" time="3.394"/>
</testsuite> <!-- com.crm.qa.testcases.LoginPageTest -->
