<?xml version="1.0" encoding="UTF-8"?>
<!-- Generated by org.testng.reporters.JUnitReportReporter -->
<testsuite hostname="DESKTOP-FDJKT0L" failures="0" tests="3" name="com.crm.qa.testcases.LoginPageTest" time="10.253" errors="0" timestamp="2023-09-27T19:02:03 IST" skipped="0">
  <testcase classname="com.crm.qa.testcases.LoginPageTest" name="loginPageTitleTest" time="2.773"/>
  <testcase classname="com.crm.qa.testcases.LoginPageTest" name="fbLogoImageTest" time="3.981"/>
  <testcase classname="com.crm.qa.testcases.LoginPageTest" name="loginTest" time="3.499"/>
</testsuite> <!-- com.crm.qa.testcases.LoginPageTest -->
